<?xml version="1.0" encoding="UTF-8"?>
<!-- Generated by org.testng.reporters.JUnitXMLReporter -->
<testsuite ignored="5" hostname="DESKTOP-SP8UJ8Q" failures="0" tests="8" name="Test1" time="35.061" errors="0" timestamp="2022-08-03T22:25:17 IST">
  <testcase classname="script.Demo1" name="test1" time="0.814"/>
  <testcase classname="script.Demo2" name="test2" time="0.011"/>
  <testcase classname="script.Demo2" name="test2" time="0.009"/>
  <testcase classname="script.Demo2" name="test2" time="0.009"/>
  <testcase classname="script.Demo3" name="test3" time="0.008"/>
  <testcase classname="script.Demo3" name="test3" time="0.006"/>
  <testcase classname="script.Demo3" name="test3" time="0.006"/>
  <testcase classname="script.Demo3" name="test3" time="0.006"/>
  <testcase classname="generic.BaseTest" name="@BeforeSuite initReport" time="0.0">
    <ignored/>
  </testcase> <!-- @BeforeSuite initReport -->
  <testcase classname="generic.BaseTest" name="@BeforeSuite initReport" time="0.0">
    <ignored/>
  </testcase> <!-- @BeforeSuite initReport -->
  <testcase classname="script.Demo4" name="test_report" time="0.0">
    <ignored/>
  </testcase> <!-- test_report -->
  <testcase classname="generic.BaseTest" name="@AfterSuite publishReport" time="0.0">
    <ignored/>
  </testcase> <!-- @AfterSuite publishReport -->
  <testcase classname="generic.BaseTest" name="@AfterSuite publishReport" time="0.0">
    <ignored/>
  </testcase> <!-- @AfterSuite publishReport -->
</testsuite> <!-- Test1 -->
