<?xml version="1.0" encoding="UTF-8"?>
<!-- Generated by org.testng.reporters.JUnitXMLReporter -->
<testsuite ignored="0" hostname="DESKTOP-SP8UJ8Q" failures="0" tests="8" name="Test" time="34.659" errors="0" timestamp="2022-08-03T21:12:12 IST">
  <testcase classname="script1.Dem1" name="test1" time="0.786"/>
  <testcase classname="script1.Dem2" name="test2" time="0.008"/>
  <testcase classname="script1.Dem2" name="test2" time="0.006"/>
  <testcase classname="script1.Dem2" name="test2" time="0.006"/>
  <testcase classname="script1.Dem3" name="test3" time="0.011"/>
  <testcase classname="script1.Dem3" name="test3" time="0.01"/>
  <testcase classname="script1.Dem3" name="test3" time="0.007"/>
  <testcase classname="script1.Dem3" name="test3" time="0.008"/>
</testsuite> <!-- Test -->
